2024-06-13T08:24:24  chore(config): reduce false positives on edge cases
2024-06-22T15:41:31  test(cache): fix off-by-one in line numbers
2024-07-20T10:58:38  fix: works on my machine (TM)
2024-07-31T17:15:45  chore(docs): add usage examples to help
2024-08-28T12:32:52  docs(detect): fix off-by-one in line numbers
2024-09-08T19:49:59  chore: NULLBYTE nightly sweep
2024-10-06T14:06:06  build(tests): add usage examples to help
2024-10-16T09:23:13  feat(docs): fix off-by-one in line numbers
2024-10-27T16:40:20  docs: standing on the shoulders of giants (garak, sigma, trufflehog)
2024-11-24T11:57:27  test(io): add usage examples to help
2024-12-05T18:14:34  ci(config): fix off-by-one in line numbers
2025-01-02T13:31:41  test: strengthen coverage
2025-01-12T08:48:48  docs(rules): add usage examples to help
2025-02-10T15:05:55  perf(io): fix off-by-one in line numbers
2025-02-20T10:22:02  feat: with great power comes great test coverage
2025-03-21T17:39:09  fix(fixtures): add usage examples to help
2025-03-31T12:56:16  chore(rules): fix off-by-one in line numbers
2025-04-10T19:13:23  chore: bump dev tooling
2025-05-08T14:30:30  ci(detect): add usage examples to help
2025-05-18T09:47:37  build(cache): fix off-by-one in line numbers
2025-06-16T16:04:44  fix: 60% of the time, it works every time
2025-06-26T11:21:51  perf(docs): add usage examples to help
2025-07-24T18:38:58  test(detect): fix off-by-one in line numbers
2025-08-04T13:55:05  perf: micro-optimization
2025-09-01T08:12:12  chore(tests): add usage examples to help
2025-09-12T15:29:19  docs(docs): fix off-by-one in line numbers
2025-09-22T10:46:26  ci(rules): load rules lazily for faster startup
2025-10-20T17:03:33  build(io): add usage examples to help
2025-10-31T12:20:40  feat(config): fix off-by-one in line numbers
2025-11-28T19:37:47  perf(fixtures): load rules lazily for faster startup
2025-12-09T14:54:54  test(rules): add usage examples to help
2026-01-06T09:11:01  ci(io): fix off-by-one in line numbers
